f:\vs项目\ffmpeg\ffmpeg\x64\debug\vc142.pdb
f:\vs项目\ffmpeg\ffmpeg\x64\debug\vc142.idb
f:\vs项目\ffmpeg\ffmpeg\x64\debug\md5.obj
f:\vs项目\ffmpeg\ffmpeg\x64\debug\main.obj
f:\vs项目\ffmpeg\ffmpeg\x64\debug\rtp_packet.obj
f:\vs项目\ffmpeg\ffmpeg\x64\debug\rtp_papcket.obj
f:\vs项目\ffmpeg\ffmpeg\x64\debug\ffmpeg.obj
f:\vs项目\ffmpeg\x64\debug\ffmpeg.ilk
f:\vs项目\ffmpeg\x64\debug\ffmpeg.exe
f:\vs项目\ffmpeg\x64\debug\ffmpeg.pdb
f:\vs项目\rtsp_pull\ffmpeg\x64\debug\ffmpeg.obj
f:\vs项目\rtsp_pull\ffmpeg\x64\debug\main.obj
f:\vs项目\rtsp_pull\ffmpeg\x64\debug\md5.obj
f:\vs项目\rtsp_pull\ffmpeg\x64\debug\rtp_packet.obj
f:\vs项目\rtsp_pull\ffmpeg\x64\debug\rtp_papcket.obj
f:\vs项目\rtsp_pull\ffmpeg\x64\debug\vc142.idb
f:\vs项目\rtsp_pull\ffmpeg\x64\debug\vc142.pdb
f:\vs项目\rtsp_pull\x64\debug\ffmpeg.pdb
f:\vs项目\rtsp_pull\x64\debug\ffmpeg.exe
f:\vs项目\rtsp_pull\x64\debug\ffmpeg.ilk
f:\vs项目\rtsp_pull\ffmpeg\x64\debug\ffmpeg.tlog\cl.command.1.tlog
f:\vs项目\rtsp_pull\ffmpeg\x64\debug\ffmpeg.tlog\cl.read.1.tlog
f:\vs项目\rtsp_pull\ffmpeg\x64\debug\ffmpeg.tlog\cl.write.1.tlog
f:\vs项目\rtsp_pull\ffmpeg\x64\debug\ffmpeg.tlog\link.command.1.tlog
f:\vs项目\rtsp_pull\ffmpeg\x64\debug\ffmpeg.tlog\link.read.1.tlog
f:\vs项目\rtsp_pull\ffmpeg\x64\debug\ffmpeg.tlog\link.write.1.tlog
